<?xml version="1.0" encoding="UTF-8"?>
<!-- Generated by org.testng.reporters.JUnitXMLReporter -->
<testsuite ignored="0" hostname="Pratyasha" failures="0" tests="4" name="Default test" time="12.02" errors="0" timestamp="2023-05-27T14:49:20 IST">
  <testcase classname="TestPage.TestCase1" name="goto_contactpage" time="2.124"/>
  <testcase classname="TestPage.TestCase1" name="click_submit" time="0.076"/>
  <testcase classname="TestPage.TestCase1" name="errormsg_validation" time="0.06"/>
  <testcase classname="TestPage.TestCase1" name="errormsg_gone" time="5.291"/>
</testsuite> <!-- Default test -->
