<?xml version="1.0" encoding="UTF-8"?>
<!-- Generated by org.testng.reporters.JUnitXMLReporter -->
<testsuite ignored="0" hostname="Pratyasha" failures="0" tests="4" name="Default test" time="24.284" errors="0" timestamp="2023-05-27T21:11:55 IST">
  <testcase classname="TestPage.TestCase1" name="goto_contactpage" time="2.241"/>
  <testcase classname="TestPage.TestCase1" name="click_submit" time="0.176"/>
  <testcase classname="TestPage.TestCase1" name="errormsg_validation" time="0.108"/>
  <testcase classname="TestPage.TestCase1" name="errormsg_gone" time="15.514"/>
</testsuite> <!-- Default test -->
