<?xml version="1.0" encoding="UTF-8"?>
<!-- Generated by org.testng.reporters.JUnitXMLReporter -->
<testsuite ignored="0" hostname="Pratyasha" failures="0" tests="9" name="Test" time="60.042" errors="0" timestamp="2023-05-27T14:59:10 IST">
  <testcase classname="TestPage.TestCase1" name="goto_contactpage" time="2.164"/>
  <testcase classname="TestPage.TestCase1" name="click_submit" time="0.077"/>
  <testcase classname="TestPage.TestCase1" name="errormsg_validation" time="0.055"/>
  <testcase classname="TestPage.TestCase1" name="errormsg_gone" time="15.277"/>
  <testcase classname="TestPage.TestCase2" name="verify_successmsg" time="15.424"/>
  <testcase classname="TestPage.TestCase3" name="addtocart" time="0.901"/>
  <testcase classname="TestPage.TestCase3" name="subtotal" time="8.178"/>
  <testcase classname="TestPage.TestCase3" name="price_verification" time="3.184"/>
  <testcase classname="TestPage.TestCase3" name="totalprice_verification" time="3.037"/>
</testsuite> <!-- Test -->
