<?xml version="1.0" encoding="UTF-8"?>
<!-- Generated by org.testng.reporters.JUnitXMLReporter -->
<testsuite ignored="0" hostname="Pratyasha" failures="0" tests="9" name="Test" time="65.29" errors="0" timestamp="2023-05-28T16:46:06 IST">
  <testcase classname="TestPage.TestCase1" name="goto_contactpage" time="2.137"/>
  <testcase classname="TestPage.TestCase1" name="click_submit" time="0.097"/>
  <testcase classname="TestPage.TestCase1" name="errormsg_validation" time="0.062"/>
  <testcase classname="TestPage.TestCase1" name="errormsg_gone" time="15.276"/>
  <testcase classname="TestPage.TestCase2" name="verify_successmsg" time="18.498"/>
  <testcase classname="TestPage.TestCase3" name="addtocart" time="2.07"/>
  <testcase classname="TestPage.TestCase3" name="subtotal" time="8.192"/>
  <testcase classname="TestPage.TestCase3" name="price_verification" time="3.164"/>
  <testcase classname="TestPage.TestCase3" name="totalprice_verification" time="3.042"/>
</testsuite> <!-- Test -->
