<?xml version="1.0" encoding="UTF-8"?>
<testng-results ignored="0" total="1" passed="1" failed="0" skipped="0">
  <reporter-output>
  </reporter-output>
  <suite started-at="2023-05-27T02:15:22 IST" name="Default suite" finished-at="2023-05-27T02:15:48 IST" duration-ms="26478">
    <groups>
    </groups>
    <test started-at="2023-05-27T02:15:22 IST" name="Default test" finished-at="2023-05-27T02:15:48 IST" duration-ms="26478">
      <class name="TestPage.TestCase2">
        <test-method is-config="true" signature="setUp()[pri:0, instance:TestPage.TestCase2@1b1426f4]" started-at="2023-05-27T02:15:22 IST" name="setUp" finished-at="2023-05-27T02:15:29 IST" duration-ms="7307" status="PASS">
          <reporter-output>
          </reporter-output>
        </test-method> <!-- setUp -->
        <test-method signature="verify_successmsg()[pri:0, instance:TestPage.TestCase2@1b1426f4]" started-at="2023-05-27T02:15:29 IST" name="verify_successmsg" finished-at="2023-05-27T02:15:48 IST" duration-ms="18977" status="PASS">
          <reporter-output>
          </reporter-output>
        </test-method> <!-- verify_successmsg -->
        <test-method is-config="true" signature="tearDown()[pri:0, instance:TestPage.TestCase2@1b1426f4]" started-at="2023-05-27T02:15:48 IST" name="tearDown" finished-at="2023-05-27T02:15:48 IST" duration-ms="169" status="PASS">
          <reporter-output>
          </reporter-output>
        </test-method> <!-- tearDown -->
      </class> <!-- TestPage.TestCase2 -->
    </test> <!-- Default test -->
  </suite> <!-- Default suite -->
</testng-results>
